<?xml version="1.0" encoding="UTF-8"?>
<coverage generated="1709121768358" clover="3.2.0">
  <project timestamp="1709121768359" name="All files">
    <metrics statements="11" coveredstatements="11" conditionals="0" coveredconditionals="0" methods="8" coveredmethods="8" elements="19" coveredelements="19" complexity="0" loc="11" ncloc="11" packages="1" files="3" classes="3"/>
    <file name="arithmetic.js" path="C:\Users\ACER\Desktop\jest-unit-testing\js\arithmetic.js">
      <metrics statements="5" coveredstatements="5" conditionals="0" coveredconditionals="0" methods="4" coveredmethods="4"/>
      <line num="2" count="1" type="stmt"/>
      <line num="6" count="1" type="stmt"/>
      <line num="10" count="1" type="stmt"/>
      <line num="14" count="1" type="stmt"/>
      <line num="17" count="1" type="stmt"/>
    </file>
    <file name="isPalindrome.js" path="C:\Users\ACER\Desktop\jest-unit-testing\js\isPalindrome.js">
      <metrics statements="3" coveredstatements="3" conditionals="0" coveredconditionals="0" methods="2" coveredmethods="2"/>
      <line num="2" count="2" type="stmt"/>
      <line num="6" count="2" type="stmt"/>
      <line num="9" count="1" type="stmt"/>
    </file>
    <file name="shallowClone.js" path="C:\Users\ACER\Desktop\jest-unit-testing\js\shallowClone.js">
      <metrics statements="3" coveredstatements="3" conditionals="0" coveredconditionals="0" methods="2" coveredmethods="2"/>
      <line num="2" count="1" type="stmt"/>
      <line num="6" count="1" type="stmt"/>
      <line num="9" count="1" type="stmt"/>
    </file>
  </project>
</coverage>
