{"C:\\Users\\ACER\\Desktop\\jest-unit-testing\\js\\async\\async.js": {"path":"C:\\Users\\ACER\\Desktop\\jest-unit-testing\\js\\async\\async.js","statementMap":{"0":{"start":{"line":1,"column":14},"end":{"line":1,"column":30}},"1":{"start":{"line":3,"column":18},"end":{"line":7,"column":1}},"2":{"start":{"line":4,"column":16},"end":{"line":4,"column":81}},"3":{"start":{"line":6,"column":1},"end":{"line":6,"column":20}},"4":{"start":{"line":9,"column":0},"end":{"line":9,"column":27}}},"fnMap":{"0":{"name":"(anonymous_0)","decl":{"start":{"line":3,"column":18},"end":{"line":3,"column":19}},"loc":{"start":{"line":3,"column":32},"end":{"line":7,"column":1}},"line":3}},"branchMap":{},"s":{"0":1,"1":1,"2":2,"3":2,"4":1},"f":{"0":2},"b":{},"_coverageSchema":"1a1c01bbd47fc00a2c39e90264f33305004495a9","hash":"0af28557457e97d42b71bdb62cc12cc63d67da8e"}
}
