TN:
SF:js\arithmetic.js
FN:1,add
FN:5,subtract
FN:9,multiply
FN:13,divide
FNF:4
FNH:4
FNDA:1,add
FNDA:1,subtract
FNDA:1,multiply
FNDA:1,divide
DA:2,1
DA:6,1
DA:10,1
DA:14,1
DA:17,1
LF:5
LH:5
BRF:0
BRH:0
end_of_record
TN:
SF:js\isPalindrome.js
FN:1,reverseString
FN:5,isPalindrome
FNF:2
FNH:2
FNDA:2,reverseString
FNDA:2,isPalindrome
DA:2,2
DA:6,2
DA:9,1
LF:3
LH:3
BRF:0
BRH:0
end_of_record
TN:
SF:js\shallowClone.js
FN:1,cloneArray
FN:5,cloneObject
FNF:2
FNH:2
FNDA:1,cloneArray
FNDA:1,cloneObject
DA:2,1
DA:6,1
DA:9,1
LF:3
LH:3
BRF:0
BRH:0
end_of_record
